[debug] [2026-02-08T14:49:00.027Z] ----------------------------------------------------------------------
[debug] [2026-02-08T14:49:00.030Z] Command:       /nix/store/ws50yvm6vzlzf7jzz6n7xh4szddrack1-nodejs-20.19.1/bin/node /nix/store/c776mhyhgykcld7p90ajrka149ifn61a-firebase-tools-14.26.0/lib/node_modules/firebase-tools/lib/bin/firebase.js init
[debug] [2026-02-08T14:49:00.031Z] CLI Version:   14.26.0
[debug] [2026-02-08T14:49:00.031Z] Platform:      linux
[debug] [2026-02-08T14:49:00.031Z] Node Version:  v20.19.1
[debug] [2026-02-08T14:49:00.031Z] Time:          Sun Feb 08 2026 14:49:00 GMT+0000 (Coordinated Universal Time)
[debug] [2026-02-08T14:49:00.032Z] ----------------------------------------------------------------------
[debug] 
[debug] [2026-02-08T14:49:00.547Z] No OAuth tokens found
[debug] [2026-02-08T14:49:00.548Z] No OAuth tokens found
[error] Failed to fetch Firebase Project from current Studio Workspace: Unable to refresh auth: not yet authenticated.
[info] 
     ######## #### ########  ######## ########     ###     ######  ########
     ##        ##  ##     ## ##       ##     ##  ##   ##  ##       ##
     ######    ##  ########  ######   ########  #########  ######  ######
     ##        ##  ##    ##  ##       ##     ## ##     ##       ## ##
     ##       #### ##     ## ######## ########  ##     ##  ######  ########

You're about to initialize a Firebase project in this directory:

  /home/user/public-interest

Before we get started, keep in mind:

  * You are initializing within an existing Firebase project directory

